SF:C:\TestProjects\cleancoders_openchat_dotnet\OpenChat.Api\Program.cs
FN:6,System.Void Program::<Main>$(System.String[])
FNDA:0,System.Void Program::<Main>$(System.String[])
DA:7,0
DA:11,0
DA:13,0
DA:14,0
DA:16,0
DA:17,0
DA:18,0
DA:19,0
DA:20,0
DA:22,0
DA:23,0
DA:25,0
DA:26,0
DA:29,0
DA:30,0
DA:31,0
DA:32,0
DA:33,0
DA:34,0
DA:36,0
DA:38,0
DA:40,0
DA:42,0
DA:44,0
DA:46,0
DA:48,0
BRDA:29,137,0,0
BRDA:29,137,1,0
FN:50,System.Void Program::<<Main>$>g__GetDevelopmentCorsPolicy|0_2(Microsoft.AspNetCore.Cors.Infrastructure.CorsPolicyBuilder)
FNDA:0,System.Void Program::<<Main>$>g__GetDevelopmentCorsPolicy|0_2(Microsoft.AspNetCore.Cors.Infrastructure.CorsPolicyBuilder)
DA:51,0
DA:52,0
DA:53,0
DA:54,0
DA:55,0
DA:56,0
FN:58,System.Void Program::<<Main>$>g__GetProductionCorsPolicy|0_3(Microsoft.AspNetCore.Cors.Infrastructure.CorsPolicyBuilder)
FNDA:0,System.Void Program::<<Main>$>g__GetProductionCorsPolicy|0_3(Microsoft.AspNetCore.Cors.Infrastructure.CorsPolicyBuilder)
DA:59,0
DA:60,0
DA:61,0
DA:62,0
DA:63,0
DA:64,0
LF:38
LH:0
BRF:2
BRH:0
FNF:3
FNH:0
end_of_record
SF:C:\TestProjects\cleancoders_openchat_dotnet\OpenChat.Api\IServiceCollectionExtenssions.cs
FN:10,System.Void OpenChat.Api.IServiceCollectionExtensions::AddDomainLayer(Microsoft.Extensions.DependencyInjection.IServiceCollection)
FNDA:0,System.Void OpenChat.Api.IServiceCollectionExtensions::AddDomainLayer(Microsoft.Extensions.DependencyInjection.IServiceCollection)
DA:11,0
DA:12,0
DA:13,0
FN:15,System.Void OpenChat.Api.IServiceCollectionExtensions::AddInfrastructureLayer(Microsoft.Extensions.DependencyInjection.IServiceCollection)
FNDA:0,System.Void OpenChat.Api.IServiceCollectionExtensions::AddInfrastructureLayer(Microsoft.Extensions.DependencyInjection.IServiceCollection)
DA:16,0
DA:17,0
DA:18,0
DA:19,0
LF:7
LH:0
BRF:0
BRH:0
FNF:2
FNH:0
end_of_record
SF:C:\TestProjects\cleancoders_openchat_dotnet\OpenChat.Api\Models\LoginRequest.cs
FN:4,System.String OpenChat.Api.Models.LoginRequest::get_Username()
FNDA:6,System.String OpenChat.Api.Models.LoginRequest::get_Username()
DA:5,6
FN:6,System.String OpenChat.Api.Models.LoginRequest::get_Password()
FNDA:6,System.String OpenChat.Api.Models.LoginRequest::get_Password()
DA:7,6
LF:2
LH:2
BRF:0
BRH:0
FNF:2
FNH:2
end_of_record
SF:C:\TestProjects\cleancoders_openchat_dotnet\OpenChat.Api\Models\RegisterRequest.cs
FN:4,System.String OpenChat.Api.Models.RegisterRequest::get_Username()
FNDA:14,System.String OpenChat.Api.Models.RegisterRequest::get_Username()
DA:5,14
FN:6,System.String OpenChat.Api.Models.RegisterRequest::get_Password()
FNDA:11,System.String OpenChat.Api.Models.RegisterRequest::get_Password()
DA:7,11
FN:8,System.String OpenChat.Api.Models.RegisterRequest::get_About()
FNDA:14,System.String OpenChat.Api.Models.RegisterRequest::get_About()
DA:9,14
LF:3
LH:3
BRF:0
BRH:0
FNF:3
FNH:3
end_of_record
SF:C:\TestProjects\cleancoders_openchat_dotnet\OpenChat.Api\Models\UserResponse.cs
FN:26,System.String OpenChat.Api.Models.UserResponse::get_Id()
FNDA:1,System.String OpenChat.Api.Models.UserResponse::get_Id()
DA:27,1
FN:28,System.String OpenChat.Api.Models.UserResponse::get_Username()
FNDA:6,System.String OpenChat.Api.Models.UserResponse::get_Username()
DA:29,6
FN:30,System.String OpenChat.Api.Models.UserResponse::get_About()
FNDA:6,System.String OpenChat.Api.Models.UserResponse::get_About()
DA:31,6
FN:4,System.Void OpenChat.Api.Models.UserResponse::.ctor(System.String,System.String)
FNDA:10,System.Void OpenChat.Api.Models.UserResponse::.ctor(System.String,System.String)
DA:5,10
DA:6,10
DA:7,10
DA:8,0
DA:9,0
DA:12,10
DA:13,0
DA:14,0
DA:17,10
DA:18,10
DA:19,10
BRDA:7,16,0,0
BRDA:7,16,1,10
BRDA:12,38,0,0
BRDA:12,38,1,10
FN:21,System.Void OpenChat.Api.Models.UserResponse::.ctor(System.String,System.String,System.String)
FNDA:10,System.Void OpenChat.Api.Models.UserResponse::.ctor(System.String,System.String,System.String)
DA:22,10
DA:23,10
DA:24,10
DA:25,10
LF:18
LH:14
BRF:4
BRH:2
FNF:5
FNH:5
end_of_record
SF:C:\TestProjects\cleancoders_openchat_dotnet\OpenChat.Api\Controllers\AccountController.cs
FN:20,Microsoft.AspNetCore.Mvc.IActionResult OpenChat.Api.Controllers.AccountController::Register(OpenChat.Api.Models.RegisterRequest)
FNDA:6,Microsoft.AspNetCore.Mvc.IActionResult OpenChat.Api.Controllers.AccountController::Register(OpenChat.Api.Models.RegisterRequest)
DA:21,6
DA:22,6
DA:23,6
DA:24,6
DA:25,6
DA:26,6
DA:28,6
DA:30,6
DA:31,1
DA:32,1
DA:35,5
DA:36,5
DA:37,5
DA:38,5
DA:40,5
DA:41,6
BRDA:30,44,0,1
BRDA:30,44,1,5
BRDA:30,60,0,1
BRDA:30,60,1,5
FN:44,Microsoft.AspNetCore.Mvc.IActionResult OpenChat.Api.Controllers.AccountController::Login(OpenChat.Api.Models.LoginRequest)
FNDA:3,Microsoft.AspNetCore.Mvc.IActionResult OpenChat.Api.Controllers.AccountController::Login(OpenChat.Api.Models.LoginRequest)
DA:45,3
DA:46,3
DA:48,3
DA:49,1
DA:50,1
DA:53,2
DA:54,2
DA:55,2
DA:56,2
DA:58,2
DA:59,3
BRDA:48,31,0,1
BRDA:48,31,1,2
BRDA:48,47,0,1
BRDA:48,47,1,2
FN:13,System.Void OpenChat.Api.Controllers.AccountController::.ctor(OpenChat.Domain.Users.IUsersService)
FNDA:5,System.Void OpenChat.Api.Controllers.AccountController::.ctor(OpenChat.Domain.Users.IUsersService)
DA:14,5
DA:15,5
DA:16,5
DA:17,5
LF:31
LH:31
BRF:8
BRH:8
FNF:3
FNH:3
end_of_record
SF:C:\TestProjects\cleancoders_openchat_dotnet\OpenChat.Domain\Users\User.cs
FN:19,System.String OpenChat.Domain.Users.User::get_Id()
FNDA:27,System.String OpenChat.Domain.Users.User::get_Id()
DA:20,27
FN:21,System.String OpenChat.Domain.Users.User::get_Username()
FNDA:26,System.String OpenChat.Domain.Users.User::get_Username()
DA:22,26
FN:23,System.String OpenChat.Domain.Users.User::get_Password()
FNDA:18,System.String OpenChat.Domain.Users.User::get_Password()
DA:24,18
FN:25,System.String OpenChat.Domain.Users.User::get_About()
FNDA:22,System.String OpenChat.Domain.Users.User::get_About()
DA:26,22
FN:28,System.Void OpenChat.Domain.Users.User::Validate(System.String,System.String,System.String)
FNDA:10,System.Void OpenChat.Domain.Users.User::Validate(System.String,System.String,System.String)
DA:29,10
DA:30,10
DA:31,0
DA:32,0
DA:35,10
DA:36,0
DA:37,0
DA:40,10
DA:41,0
DA:42,0
DA:44,10
BRDA:30,9,0,0
BRDA:30,9,1,10
BRDA:35,31,0,0
BRDA:35,31,1,10
BRDA:40,53,0,0
BRDA:40,53,1,10
FN:4,System.Void OpenChat.Domain.Users.User::.ctor(System.String,System.String,System.String)
FNDA:10,System.Void OpenChat.Domain.Users.User::.ctor(System.String,System.String,System.String)
DA:5,10
DA:6,10
DA:7,10
DA:9,10
DA:10,10
DA:11,10
DA:12,10
FN:14,System.Void OpenChat.Domain.Users.User::.ctor(System.String,System.String,System.String,System.String)
FNDA:10,System.Void OpenChat.Domain.Users.User::.ctor(System.String,System.String,System.String,System.String)
DA:15,10
DA:16,10
DA:17,10
DA:18,10
LF:26
LH:20
BRF:6
BRH:3
FNF:7
FNH:7
end_of_record
SF:C:\TestProjects\cleancoders_openchat_dotnet\OpenChat.Domain\Users\UserDto.cs
FN:16,System.String OpenChat.Domain.Users.UserDto::get_Username()
FNDA:11,System.String OpenChat.Domain.Users.UserDto::get_Username()
DA:17,11
FN:18,System.String OpenChat.Domain.Users.UserDto::get_Password()
FNDA:5,System.String OpenChat.Domain.Users.UserDto::get_Password()
DA:19,5
FN:20,System.String OpenChat.Domain.Users.UserDto::get_About()
FNDA:5,System.String OpenChat.Domain.Users.UserDto::get_About()
DA:21,5
FN:4,System.Void OpenChat.Domain.Users.UserDto::.ctor(System.String,System.String)
FNDA:6,System.Void OpenChat.Domain.Users.UserDto::.ctor(System.String,System.String)
DA:5,6
DA:6,6
DA:7,6
DA:8,6
DA:9,6
FN:11,System.Void OpenChat.Domain.Users.UserDto::.ctor(System.String,System.String,System.String)
FNDA:6,System.Void OpenChat.Domain.Users.UserDto::.ctor(System.String,System.String,System.String)
DA:12,6
DA:13,6
DA:14,6
DA:15,6
LF:12
LH:12
BRF:0
BRH:0
FNF:5
FNH:5
end_of_record
SF:C:\TestProjects\cleancoders_openchat_dotnet\OpenChat.Domain\Users\UsersService.cs
FN:14,OpenChat.Domain.Users.Results.CreateUserResult OpenChat.Domain.Users.UsersService::Create(OpenChat.Domain.Users.UserDto)
FNDA:6,OpenChat.Domain.Users.Results.CreateUserResult OpenChat.Domain.Users.UsersService::Create(OpenChat.Domain.Users.UserDto)
DA:15,6
DA:16,6
DA:17,1
DA:18,1
DA:21,5
DA:22,5
DA:23,5
DA:24,5
DA:25,5
DA:26,5
DA:28,5
DA:30,5
DA:31,6
BRDA:16,20,0,1
BRDA:16,20,1,5
FN:33,OpenChat.Domain.Users.Results.GetUserResult OpenChat.Domain.Users.UsersService::GetByCredentials(System.String,System.String)
FNDA:3,OpenChat.Domain.Users.Results.GetUserResult OpenChat.Domain.Users.UsersService::GetByCredentials(System.String,System.String)
DA:34,3
DA:35,3
DA:36,3
DA:37,3
DA:38,3
DA:39,3
DA:41,3
DA:42,1
DA:43,1
DA:46,2
DA:47,3
BRDA:41,249,0,1
BRDA:41,249,1,2
FN:8,System.Void OpenChat.Domain.Users.UsersService::.ctor(OpenChat.Domain.Users.IUsersRepository)
FNDA:5,System.Void OpenChat.Domain.Users.UsersService::.ctor(OpenChat.Domain.Users.IUsersRepository)
DA:9,5
DA:10,5
DA:11,5
DA:12,5
LF:28
LH:28
BRF:4
BRH:4
FNF:3
FNH:3
end_of_record
SF:C:\TestProjects\cleancoders_openchat_dotnet\OpenChat.Domain\Users\Results\CreateUserResult.cs
FN:15,OpenChat.Domain.Users.Results.CreateUserResult OpenChat.Domain.Users.Results.CreateUserResult::Success(OpenChat.Domain.Users.User)
FNDA:5,OpenChat.Domain.Users.Results.CreateUserResult OpenChat.Domain.Users.Results.CreateUserResult::Success(OpenChat.Domain.Users.User)
DA:16,5
DA:17,5
DA:18,5
FN:20,OpenChat.Domain.Users.Results.CreateUserResult OpenChat.Domain.Users.Results.CreateUserResult::Error(OpenChat.Domain.Users.Results.CreateUserError)
FNDA:1,OpenChat.Domain.Users.Results.CreateUserResult OpenChat.Domain.Users.Results.CreateUserResult::Error(OpenChat.Domain.Users.Results.CreateUserError)
DA:21,1
DA:22,1
DA:23,1
FN:6,System.Void OpenChat.Domain.Users.Results.CreateUserResult::.ctor(OpenChat.Domain.Users.User)
FNDA:5,System.Void OpenChat.Domain.Users.Results.CreateUserResult::.ctor(OpenChat.Domain.Users.User)
DA:7,5
DA:8,5
DA:9,5
FN:10,System.Void OpenChat.Domain.Users.Results.CreateUserResult::.ctor(OpenChat.Domain.Users.Results.CreateUserError)
FNDA:1,System.Void OpenChat.Domain.Users.Results.CreateUserResult::.ctor(OpenChat.Domain.Users.Results.CreateUserError)
DA:11,1
DA:12,1
DA:13,1
LF:12
LH:12
BRF:0
BRH:0
FNF:4
FNH:4
end_of_record
SF:C:\TestProjects\cleancoders_openchat_dotnet\OpenChat.Domain\Users\Results\GetUserResult.cs
FN:15,OpenChat.Domain.Users.Results.GetUserResult OpenChat.Domain.Users.Results.GetUserResult::Success(OpenChat.Domain.Users.User)
FNDA:2,OpenChat.Domain.Users.Results.GetUserResult OpenChat.Domain.Users.Results.GetUserResult::Success(OpenChat.Domain.Users.User)
DA:16,2
DA:17,2
DA:18,2
FN:20,OpenChat.Domain.Users.Results.GetUserResult OpenChat.Domain.Users.Results.GetUserResult::Error(OpenChat.Domain.Users.Results.GetUserError)
FNDA:1,OpenChat.Domain.Users.Results.GetUserResult OpenChat.Domain.Users.Results.GetUserResult::Error(OpenChat.Domain.Users.Results.GetUserError)
DA:21,1
DA:22,1
DA:23,1
FN:6,System.Void OpenChat.Domain.Users.Results.GetUserResult::.ctor(OpenChat.Domain.Users.User)
FNDA:2,System.Void OpenChat.Domain.Users.Results.GetUserResult::.ctor(OpenChat.Domain.Users.User)
DA:7,2
DA:8,2
DA:9,2
FN:10,System.Void OpenChat.Domain.Users.Results.GetUserResult::.ctor(OpenChat.Domain.Users.Results.GetUserError)
FNDA:1,System.Void OpenChat.Domain.Users.Results.GetUserResult::.ctor(OpenChat.Domain.Users.Results.GetUserError)
DA:11,1
DA:12,1
DA:13,1
LF:12
LH:12
BRF:0
BRH:0
FNF:4
FNH:4
end_of_record
SF:C:\TestProjects\cleancoders_openchat_dotnet\OpenChat.Domain\Posts\Post.cs
FN:15,System.Guid OpenChat.Domain.Posts.Post::get_Id()
FNDA:0,System.Guid OpenChat.Domain.Posts.Post::get_Id()
DA:16,0
FN:17,System.String OpenChat.Domain.Posts.Post::get_Text()
FNDA:0,System.String OpenChat.Domain.Posts.Post::get_Text()
DA:18,0
FN:19,System.String OpenChat.Domain.Posts.Post::get_UserId()
FNDA:0,System.String OpenChat.Domain.Posts.Post::get_UserId()
DA:20,0
FN:21,OpenChat.Domain.Users.User OpenChat.Domain.Posts.Post::get_User()
FNDA:0,OpenChat.Domain.Users.User OpenChat.Domain.Posts.Post::get_User()
DA:22,0
FN:23,System.DateTime OpenChat.Domain.Posts.Post::get_CreatedDate()
FNDA:0,System.DateTime OpenChat.Domain.Posts.Post::get_CreatedDate()
DA:24,0
FN:26,System.Void OpenChat.Domain.Posts.Post::Validate(System.String,System.String)
FNDA:0,System.Void OpenChat.Domain.Posts.Post::Validate(System.String,System.String)
DA:27,0
DA:28,0
DA:29,0
DA:30,0
DA:33,0
DA:34,0
DA:35,0
DA:37,0
BRDA:28,9,0,0
BRDA:28,9,1,0
BRDA:33,31,0,0
BRDA:33,31,1,0
FN:6,System.Void OpenChat.Domain.Posts.Post::.ctor(System.String,System.String)
FNDA:0,System.Void OpenChat.Domain.Posts.Post::.ctor(System.String,System.String)
DA:7,0
DA:8,0
DA:9,0
DA:11,0
DA:12,0
DA:13,0
DA:14,0
LF:20
LH:0
BRF:4
BRH:0
FNF:7
FNH:0
end_of_record
SF:C:\TestProjects\cleancoders_openchat_dotnet\OpenChat.Domain\Posts\PostDto.cs
FN:10,System.String OpenChat.Domain.Posts.PostDto::get_UserId()
FNDA:0,System.String OpenChat.Domain.Posts.PostDto::get_UserId()
DA:11,0
FN:12,System.String OpenChat.Domain.Posts.PostDto::get_Text()
FNDA:0,System.String OpenChat.Domain.Posts.PostDto::get_Text()
DA:13,0
FN:4,System.Void OpenChat.Domain.Posts.PostDto::.ctor(System.String,System.String)
FNDA:0,System.Void OpenChat.Domain.Posts.PostDto::.ctor(System.String,System.String)
DA:5,0
DA:6,0
DA:7,0
DA:8,0
DA:9,0
LF:7
LH:0
BRF:0
BRH:0
FNF:3
FNH:0
end_of_record
SF:C:\TestProjects\cleancoders_openchat_dotnet\OpenChat.Domain\Posts\PostsService.cs
FN:17,OpenChat.Domain.Posts.Results.CreatePostResult OpenChat.Domain.Posts.PostsService::Create(OpenChat.Domain.Posts.PostDto)
FNDA:0,OpenChat.Domain.Posts.Results.CreatePostResult OpenChat.Domain.Posts.PostsService::Create(OpenChat.Domain.Posts.PostDto)
DA:18,0
DA:19,0
DA:21,0
DA:23,0
DA:24,0
DA:25,0
DA:28,0
DA:29,0
DA:30,0
DA:32,0
DA:34,0
DA:35,0
BRDA:23,33,0,0
BRDA:23,33,1,0
FN:37,System.Collections.Generic.IReadOnlyCollection`1<OpenChat.Domain.Posts.Post> OpenChat.Domain.Posts.PostsService::GetPostsForUser(System.String)
FNDA:0,System.Collections.Generic.IReadOnlyCollection`1<OpenChat.Domain.Posts.Post> OpenChat.Domain.Posts.PostsService::GetPostsForUser(System.String)
DA:38,0
DA:39,0
DA:41,0
DA:42,0
BRDA:41,21,0,0
BRDA:41,21,1,0
FN:44,System.Void OpenChat.Domain.Posts.PostsService::ValidateCreate(OpenChat.Domain.Posts.PostDto)
FNDA:0,System.Void OpenChat.Domain.Posts.PostsService::ValidateCreate(OpenChat.Domain.Posts.PostDto)
DA:45,0
DA:46,0
DA:47,0
DA:48,0
DA:51,0
DA:52,0
DA:53,0
DA:56,0
DA:57,0
DA:58,0
DA:60,0
BRDA:46,7,0,0
BRDA:46,7,1,0
BRDA:51,34,0,0
BRDA:51,34,1,0
BRDA:56,61,0,0
BRDA:56,61,1,0
FN:10,System.Void OpenChat.Domain.Posts.PostsService::.ctor(OpenChat.Domain.Users.IUsersRepository,OpenChat.Domain.Posts.IPostsRepository)
FNDA:0,System.Void OpenChat.Domain.Posts.PostsService::.ctor(OpenChat.Domain.Users.IUsersRepository,OpenChat.Domain.Posts.IPostsRepository)
DA:11,0
DA:12,0
DA:13,0
DA:14,0
DA:15,0
LF:32
LH:0
BRF:10
BRH:0
FNF:4
FNH:0
end_of_record
SF:C:\TestProjects\cleancoders_openchat_dotnet\OpenChat.Domain\Posts\Results\CreatePostResult.cs
FN:14,OpenChat.Domain.Posts.Results.CreatePostResult OpenChat.Domain.Posts.Results.CreatePostResult::Success(OpenChat.Domain.Posts.Post)
FNDA:0,OpenChat.Domain.Posts.Results.CreatePostResult OpenChat.Domain.Posts.Results.CreatePostResult::Success(OpenChat.Domain.Posts.Post)
DA:15,0
FN:17,OpenChat.Domain.Posts.Results.CreatePostResult OpenChat.Domain.Posts.Results.CreatePostResult::Error(OpenChat.Domain.Posts.Results.CreatePostError)
FNDA:0,OpenChat.Domain.Posts.Results.CreatePostResult OpenChat.Domain.Posts.Results.CreatePostResult::Error(OpenChat.Domain.Posts.Results.CreatePostError)
DA:18,0
FN:6,System.Void OpenChat.Domain.Posts.Results.CreatePostResult::.ctor(OpenChat.Domain.Posts.Post)
FNDA:0,System.Void OpenChat.Domain.Posts.Results.CreatePostResult::.ctor(OpenChat.Domain.Posts.Post)
DA:7,0
DA:8,0
DA:9,0
FN:10,System.Void OpenChat.Domain.Posts.Results.CreatePostResult::.ctor(OpenChat.Domain.Posts.Results.CreatePostError)
FNDA:0,System.Void OpenChat.Domain.Posts.Results.CreatePostResult::.ctor(OpenChat.Domain.Posts.Results.CreatePostError)
DA:11,0
DA:12,0
DA:13,0
LF:8
LH:0
BRF:0
BRH:0
FNF:4
FNH:0
end_of_record
SF:C:\TestProjects\cleancoders_openchat_dotnet\OpenChat.Domain\Exceptions\UnexpectedEnumValueException.cs
FN:5,System.Void OpenChat.Domain.Exceptions.UnexpectedEnumValueException`1::.ctor(T)
FNDA:0,System.Void OpenChat.Domain.Exceptions.UnexpectedEnumValueException`1::.ctor(T)
DA:6,0
DA:7,0
DA:8,0
BRDA:6,25,0,0
BRDA:6,25,1,0
LF:3
LH:0
BRF:2
BRH:0
FNF:1
FNH:0
end_of_record
SF:C:\TestProjects\cleancoders_openchat_dotnet\OpenChat.Domain\Common\Result.cs
FN:25,System.Boolean OpenChat.Domain.Common.Result`2::get_IsSuccess()
FNDA:0,System.Boolean OpenChat.Domain.Common.Result`2::get_IsSuccess()
DA:26,0
FN:27,System.Boolean OpenChat.Domain.Common.Result`2::get_IsFailed()
FNDA:9,System.Boolean OpenChat.Domain.Common.Result`2::get_IsFailed()
DA:28,9
FN:29,TValue OpenChat.Domain.Common.Result`2::get_Value()
FNDA:21,TValue OpenChat.Domain.Common.Result`2::get_Value()
DA:30,21
FN:31,TEnum OpenChat.Domain.Common.Result`2::get_Reason()
FNDA:2,TEnum OpenChat.Domain.Common.Result`2::get_Reason()
DA:32,2
FN:6,System.Void OpenChat.Domain.Common.Result`2::.ctor(TValue)
FNDA:7,System.Void OpenChat.Domain.Common.Result`2::.ctor(TValue)
DA:7,7
DA:8,7
DA:9,7
DA:10,7
DA:11,7
BRDA:9,17,0,0
BRDA:9,17,1,7
FN:12,System.Void OpenChat.Domain.Common.Result`2::.ctor(TEnum)
FNDA:2,System.Void OpenChat.Domain.Common.Result`2::.ctor(TEnum)
DA:13,2
DA:14,2
DA:15,2
DA:17,2
DA:18,0
DA:19,0
DA:22,2
DA:23,2
DA:24,2
BRDA:17,36,0,0
BRDA:17,36,1,2
LF:18
LH:15
BRF:4
BRH:2
FNF:6
FNH:5
end_of_record
SF:C:\TestProjects\cleancoders_openchat_dotnet\OpenChat.Infrastructure\Persistence\OpenChatDbContext.cs
FN:12,Microsoft.EntityFrameworkCore.DbSet`1<OpenChat.Domain.Users.User> OpenChat.Infrastructure.Persistence.OpenChatDbContext::get_Users()
FNDA:0,Microsoft.EntityFrameworkCore.DbSet`1<OpenChat.Domain.Users.User> OpenChat.Infrastructure.Persistence.OpenChatDbContext::get_Users()
DA:13,0
FN:8,System.Void OpenChat.Infrastructure.Persistence.OpenChatDbContext::.ctor(Microsoft.EntityFrameworkCore.DbContextOptions`1<OpenChat.Infrastructure.Persistence.OpenChatDbContext>)
FNDA:0,System.Void OpenChat.Infrastructure.Persistence.OpenChatDbContext::.ctor(Microsoft.EntityFrameworkCore.DbContextOptions`1<OpenChat.Infrastructure.Persistence.OpenChatDbContext>)
DA:9,0
DA:10,0
DA:11,0
LF:4
LH:0
BRF:0
BRH:0
FNF:2
FNH:0
end_of_record
SF:C:\TestProjects\cleancoders_openchat_dotnet\OpenChat.Infrastructure\Persistence\Repositories\EfUsersRepository.cs
FN:19,OpenChat.Domain.Users.User OpenChat.Infrastructure.Persistence.Repositories.EfUsersRepository::Add(OpenChat.Domain.Users.User)
FNDA:0,OpenChat.Domain.Users.User OpenChat.Infrastructure.Persistence.Repositories.EfUsersRepository::Add(OpenChat.Domain.Users.User)
DA:20,0
DA:21,0
DA:22,0
DA:23,0
DA:26,0
DA:27,0
DA:29,0
DA:30,0
BRDA:21,7,0,0
BRDA:21,7,1,0
FN:32,System.Boolean OpenChat.Infrastructure.Persistence.Repositories.EfUsersRepository::DoesUsernameExists(System.String)
FNDA:0,System.Boolean OpenChat.Infrastructure.Persistence.Repositories.EfUsersRepository::DoesUsernameExists(System.String)
DA:33,0
DA:34,0
DA:35,0
DA:36,0
DA:39,0
DA:40,0
BRDA:34,27,0,0
BRDA:34,27,1,0
FN:42,System.Collections.Generic.IEnumerable`1<OpenChat.Domain.Users.User> OpenChat.Infrastructure.Persistence.Repositories.EfUsersRepository::Get(System.Linq.Expressions.Expression`1<System.Func`2<OpenChat.Domain.Users.User,System.Boolean>>)
FNDA:0,System.Collections.Generic.IEnumerable`1<OpenChat.Domain.Users.User> OpenChat.Infrastructure.Persistence.Repositories.EfUsersRepository::Get(System.Linq.Expressions.Expression`1<System.Func`2<OpenChat.Domain.Users.User,System.Boolean>>)
DA:43,0
DA:44,0
DA:45,0
DA:46,0
DA:49,0
DA:51,0
DA:52,0
BRDA:44,7,0,0
BRDA:44,7,1,0
FN:54,OpenChat.Domain.Users.User OpenChat.Infrastructure.Persistence.Repositories.EfUsersRepository::GetById(System.String)
FNDA:0,OpenChat.Domain.Users.User OpenChat.Infrastructure.Persistence.Repositories.EfUsersRepository::GetById(System.String)
DA:55,0
DA:56,0
DA:57,0
DA:58,0
DA:61,0
DA:62,0
BRDA:56,27,0,0
BRDA:56,27,1,0
FN:11,System.Void OpenChat.Infrastructure.Persistence.Repositories.EfUsersRepository::.ctor(OpenChat.Infrastructure.Persistence.OpenChatDbContext)
FNDA:0,System.Void OpenChat.Infrastructure.Persistence.Repositories.EfUsersRepository::.ctor(OpenChat.Infrastructure.Persistence.OpenChatDbContext)
DA:12,0
DA:13,0
DA:15,0
DA:16,0
DA:17,0
BRDA:15,11,0,0
BRDA:15,11,1,0
LF:32
LH:0
BRF:10
BRH:0
FNF:5
FNH:0
end_of_record
SF:C:\TestProjects\cleancoders_openchat_dotnet\OpenChat.Infrastructure\Persistence\Repositories\InMemoryPostsRepository.cs
FN:9,System.Void OpenChat.Infrastructure.Persistence.Repositories.InMemoryPostsRepository::Add(OpenChat.Domain.Posts.Post)
FNDA:0,System.Void OpenChat.Infrastructure.Persistence.Repositories.InMemoryPostsRepository::Add(OpenChat.Domain.Posts.Post)
DA:10,0
DA:11,0
DA:12,0
DA:13,0
FN:15,System.Collections.Generic.IEnumerable`1<OpenChat.Domain.Posts.Post> OpenChat.Infrastructure.Persistence.Repositories.InMemoryPostsRepository::GetForUser(System.String)
FNDA:0,System.Collections.Generic.IEnumerable`1<OpenChat.Domain.Posts.Post> OpenChat.Infrastructure.Persistence.Repositories.InMemoryPostsRepository::GetForUser(System.String)
DA:16,0
DA:17,0
DA:18,0
FN:6,System.Void OpenChat.Infrastructure.Persistence.Repositories.InMemoryPostsRepository::.ctor()
FNDA:0,System.Void OpenChat.Infrastructure.Persistence.Repositories.InMemoryPostsRepository::.ctor()
DA:7,0
LF:8
LH:0
BRF:0
BRH:0
FNF:3
FNH:0
end_of_record
SF:C:\TestProjects\cleancoders_openchat_dotnet\OpenChat.Infrastructure\Persistence\Repositories\InMemoryRepository.cs
FN:6,System.Void OpenChat.Infrastructure.Persistence.Repositories.InMemoryRepository`1::SetId(TEntity)
FNDA:0,System.Void OpenChat.Infrastructure.Persistence.Repositories.InMemoryRepository`1::SetId(TEntity)
DA:7,0
DA:8,0
DA:9,0
DA:10,0
DA:11,0
LF:5
LH:0
BRF:0
BRH:0
FNF:1
FNH:0
end_of_record
SF:C:\TestProjects\cleancoders_openchat_dotnet\OpenChat.Infrastructure\Persistence\Repositories\InMemoryUsersRepository.cs
FN:15,OpenChat.Domain.Users.User OpenChat.Infrastructure.Persistence.Repositories.InMemoryUsersRepository::Add(OpenChat.Domain.Users.User)
FNDA:5,OpenChat.Domain.Users.User OpenChat.Infrastructure.Persistence.Repositories.InMemoryUsersRepository::Add(OpenChat.Domain.Users.User)
DA:16,5
DA:17,5
DA:18,0
DA:19,0
DA:22,5
DA:24,5
DA:25,5
BRDA:17,7,0,0
BRDA:17,7,1,5
FN:27,OpenChat.Domain.Users.User OpenChat.Infrastructure.Persistence.Repositories.InMemoryUsersRepository::GetById(System.String)
FNDA:0,OpenChat.Domain.Users.User OpenChat.Infrastructure.Persistence.Repositories.InMemoryUsersRepository::GetById(System.String)
DA:28,0
DA:29,0
DA:31,0
DA:33,0
DA:34,0
FN:36,System.Boolean OpenChat.Infrastructure.Persistence.Repositories.InMemoryUsersRepository::DoesUsernameExists(System.String)
FNDA:6,System.Boolean OpenChat.Infrastructure.Persistence.Repositories.InMemoryUsersRepository::DoesUsernameExists(System.String)
DA:37,6
DA:38,6
DA:39,0
DA:40,0
DA:43,7
DA:44,6
BRDA:38,27,0,0
BRDA:38,27,1,6
FN:46,System.Collections.Generic.IEnumerable`1<OpenChat.Domain.Users.User> OpenChat.Infrastructure.Persistence.Repositories.InMemoryUsersRepository::Get(System.Linq.Expressions.Expression`1<System.Func`2<OpenChat.Domain.Users.User,System.Boolean>>)
FNDA:3,System.Collections.Generic.IEnumerable`1<OpenChat.Domain.Users.User> OpenChat.Infrastructure.Persistence.Repositories.InMemoryUsersRepository::Get(System.Linq.Expressions.Expression`1<System.Func`2<OpenChat.Domain.Users.User,System.Boolean>>)
DA:47,3
DA:48,3
DA:49,0
DA:50,0
DA:53,3
DA:54,3
BRDA:48,7,0,0
BRDA:48,7,1,3
FN:56,OpenChat.Domain.Users.User OpenChat.Infrastructure.Persistence.Repositories.InMemoryUsersRepository::Copy(OpenChat.Domain.Users.User)
FNDA:5,OpenChat.Domain.Users.User OpenChat.Infrastructure.Persistence.Repositories.InMemoryUsersRepository::Copy(OpenChat.Domain.Users.User)
DA:57,5
DA:58,5
DA:59,5
DA:60,5
DA:61,5
DA:62,5
DA:63,5
DA:64,5
FN:9,System.Void OpenChat.Infrastructure.Persistence.Repositories.InMemoryUsersRepository::.ctor()
FNDA:5,System.Void OpenChat.Infrastructure.Persistence.Repositories.InMemoryUsersRepository::.ctor()
DA:10,5
DA:11,5
DA:12,5
DA:13,5
LF:36
LH:25
BRF:6
BRH:3
FNF:6
FNH:5
end_of_record